[debug] [2025-07-31T14:42:42.431Z] ----------------------------------------------------------------------
[debug] [2025-07-31T14:42:42.434Z] Command:       C:\Program Files\nodejs\node.exe C:\Users\Ancry\AppData\Roaming\npm\node_modules\firebase-tools\lib\bin\firebase.js init hosting
[debug] [2025-07-31T14:42:42.434Z] CLI Version:   14.11.1
[debug] [2025-07-31T14:42:42.435Z] Platform:      win32
[debug] [2025-07-31T14:42:42.435Z] Node Version:  v22.17.1
[debug] [2025-07-31T14:42:42.435Z] Time:          Thu Jul 31 2025 09:42:42 GMT-0500 (hora de Ecuador)
[debug] [2025-07-31T14:42:42.435Z] ----------------------------------------------------------------------
[debug] 
[debug] [2025-07-31T14:42:42.682Z] > command requires scopes: ["email","openid","https://www.googleapis.com/auth/cloudplatformprojects.readonly","https://www.googleapis.com/auth/firebase","https://www.googleapis.com/auth/cloud-platform"]
[debug] [2025-07-31T14:42:42.683Z] > authorizing via signed-in user (kiritodres96@gmail.com)
[info] 
     ######## #### ########  ######## ########     ###     ######  ########
     ##        ##  ##     ## ##       ##     ##  ##   ##  ##       ##
     ######    ##  ########  ######   ########  #########  ######  ######
     ##        ##  ##    ##  ##       ##     ## ##     ##       ## ##
     ##       #### ##     ## ######## ########  ##     ##  ######  ########

You're about to initialize a Firebase project in this directory:

  C:\Users\Ancry\OneDrive - UNIVERSIDAD AGRARIA DEL ECUADOR\Escritorio\mintimo

Before we get started, keep in mind:

  * You are initializing within an existing Firebase project directory

[info] 
=== Project Setup
[info] 
[info] First, let's associate this project directory with a Firebase project.
[info] You can create multiple project aliases by running firebase use --add, 
[info] but for now we'll just set up a default project.
[info] 
[debug] [2025-07-31T14:43:24.346Z] Using project from CLI flag: mintimo-6147f
[debug] [2025-07-31T14:43:24.347Z] Checked if tokens are valid: false, expires at: 1753897190531
[debug] [2025-07-31T14:43:24.347Z] Checked if tokens are valid: false, expires at: 1753897190531
[debug] [2025-07-31T14:43:24.347Z] > refreshing access token with scopes: []
[debug] [2025-07-31T14:43:24.349Z] >>> [apiv2][query] POST https://www.googleapis.com/oauth2/v3/token [none]
[debug] [2025-07-31T14:43:24.350Z] >>> [apiv2][body] POST https://www.googleapis.com/oauth2/v3/token [omitted]
[debug] [2025-07-31T14:43:24.706Z] <<< [apiv2][status] POST https://www.googleapis.com/oauth2/v3/token 200
[debug] [2025-07-31T14:43:24.706Z] <<< [apiv2][body] POST https://www.googleapis.com/oauth2/v3/token [omitted]
[debug] [2025-07-31T14:43:24.713Z] >>> [apiv2][query] GET https://firebase.googleapis.com/v1beta1/projects/mintimo-6147f [none]
[debug] [2025-07-31T14:43:25.245Z] <<< [apiv2][status] GET https://firebase.googleapis.com/v1beta1/projects/mintimo-6147f 200
[debug] [2025-07-31T14:43:25.246Z] <<< [apiv2][body] GET https://firebase.googleapis.com/v1beta1/projects/mintimo-6147f {"projectId":"mintimo-6147f","projectNumber":"481152886249","displayName":"Mintimo","name":"projects/mintimo-6147f","resources":{"hostingSite":"mintimo-6147f"},"state":"ACTIVE","etag":"1_b35f956b-1d08-478a-a8cc-96b57b902ae6"}
[info] i  Using project mintimo-6147f (Mintimo) 
[info] 
=== Hosting Setup
[debug] [2025-07-31T14:43:25.252Z] Checked if tokens are valid: true, expires at: 1753976603706
[debug] [2025-07-31T14:43:25.252Z] Checked if tokens are valid: true, expires at: 1753976603706
[debug] [2025-07-31T14:43:25.253Z] >>> [apiv2][query] GET https://firebase.googleapis.com/v1beta1/projects/mintimo-6147f [none]
[debug] [2025-07-31T14:43:25.478Z] <<< [apiv2][status] GET https://firebase.googleapis.com/v1beta1/projects/mintimo-6147f 200
[debug] [2025-07-31T14:43:25.478Z] <<< [apiv2][body] GET https://firebase.googleapis.com/v1beta1/projects/mintimo-6147f {"projectId":"mintimo-6147f","projectNumber":"481152886249","displayName":"Mintimo","name":"projects/mintimo-6147f","resources":{"hostingSite":"mintimo-6147f"},"state":"ACTIVE","etag":"1_b35f956b-1d08-478a-a8cc-96b57b902ae6"}
[info] 
[info] Your public directory is the folder (relative to your project directory) that
[info] will contain Hosting assets to be uploaded with firebase deploy. If you
[info] have a build process for your assets, use your build's output directory.
[info] 
[debug] [2025-07-31T14:43:59.285Z] >>> [apiv2][query] GET https://www.gstatic.com/firebasejs/releases.json [none]
[debug] [2025-07-31T14:43:59.617Z] <<< [apiv2][status] GET https://www.gstatic.com/firebasejs/releases.json 200
[debug] [2025-07-31T14:43:59.617Z] <<< [apiv2][body] GET https://www.gstatic.com/firebasejs/releases.json {"current":{"version":"12.0.0","browserURL":"https://www.gstatic.com/firebasejs/12.0.0/firebase.js","packageURL":"https://www.gstatic.com/firebasejs/12.0.0/firebase.tgz"},"live":{"version":"12.0","browserURL":"https://www.gstatic.com/firebasejs/live/12.0/firebase.js","packageURL":"https://www.gstatic.com/firebasejs/live/12.0/firebase.tgz"},"components":{"ai":"https://www.gstatic.com/firebasejs/12.0.0/firebase-ai.js","analytics":"https://www.gstatic.com/firebasejs/12.0.0/firebase-analytics.js","app":"https://www.gstatic.com/firebasejs/12.0.0/firebase-app.js","app-check":"https://www.gstatic.com/firebasejs/12.0.0/firebase-app-check.js","auth":"https://www.gstatic.com/firebasejs/12.0.0/firebase-auth.js","auth/cordova":"https://www.gstatic.com/firebasejs/12.0.0/firebase-auth/cordova.js","auth/web-extension":"https://www.gstatic.com/firebasejs/12.0.0/firebase-auth/web-extension.js","functions":"https://www.gstatic.com/firebasejs/12.0.0/firebase-functions.js","firestore":"https://www.gstatic.com/firebasejs/12.0.0/firebase-firestore.js","firestore/lite":"https://www.gstatic.com/firebasejs/12.0.0/firebase-firestore/lite.js","installations":"https://www.gstatic.com/firebasejs/12.0.0/firebase-installations.js","storage":"https://www.gstatic.com/firebasejs/12.0.0/firebase-storage.js","performance":"https://www.gstatic.com/firebasejs/12.0.0/firebase-performance.js","remote-config":"https://www.gstatic.com/firebasejs/12.0.0/firebase-remote-config.js","messaging":"https://www.gstatic.com/firebasejs/12.0.0/firebase-messaging.js","messaging/sw":"https://www.gstatic.com/firebasejs/12.0.0/firebase-messaging/sw.js","database":"https://www.gstatic.com/firebasejs/12.0.0/firebase-database.js","data-connect":"https://www.gstatic.com/firebasejs/12.0.0/firebase-data-connect.js","firestore.memory":"https://www.gstatic.com/firebasejs/12.0.0/firebase-firestore.memory.js"}}
[info] +  Wrote public/index.html 
[info] 
[info] i  Didn't detect a .git folder. Assuming C:\Users\Ancry\OneDrive - UNIVERSIDAD AGRARIA DEL ECUADOR\Escritorio\mintimo is the project root. 
[info] i  Authorizing with GitHub to upload your service account to a GitHub repository's secrets store. 
[info] 
[info] Visit this URL on this device to log in:
[info] https://github.com/login/oauth/authorize?client_id=89cf50f02ac6aaed3484&state=182463306&redirect_uri=http%3A%2F%2Flocalhost%3A9005&scope=read%3Auser%20repo%20public_repo
[info] 
[info] Waiting for authentication...
[debug] [2025-07-31T14:44:19.904Z] >>> [apiv2][query] POST https://github.com/login/oauth/access_token [none]
[debug] [2025-07-31T14:44:19.905Z] >>> [apiv2][body] POST https://github.com/login/oauth/access_token [stream]
[debug] [2025-07-31T14:44:20.311Z] <<< [apiv2][status] POST https://github.com/login/oauth/access_token 200
[debug] [2025-07-31T14:44:20.311Z] <<< [apiv2][body] POST https://github.com/login/oauth/access_token {"access_token":"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","token_type":"bearer","scope":"read:user,repo"}
[debug] [2025-07-31T14:44:20.316Z] >>> [apiv2][query] GET https://api.github.com/user [none]
[debug] [2025-07-31T14:44:20.800Z] <<< [apiv2][status] GET https://api.github.com/user 200
[debug] [2025-07-31T14:44:20.800Z] <<< [apiv2][body] GET https://api.github.com/user {"login":"GuantanFlito","id":190276754,"node_id":"U_kgDOC1dkkg","avatar_url":"https://avatars.githubusercontent.com/u/190276754?v=4","gravatar_id":"","url":"https://api.github.com/users/GuantanFlito","html_url":"https://github.com/GuantanFlito","followers_url":"https://api.github.com/users/GuantanFlito/followers","following_url":"https://api.github.com/users/GuantanFlito/following{/other_user}","gists_url":"https://api.github.com/users/GuantanFlito/gists{/gist_id}","starred_url":"https://api.github.com/users/GuantanFlito/starred{/owner}{/repo}","subscriptions_url":"https://api.github.com/users/GuantanFlito/subscriptions","organizations_url":"https://api.github.com/users/GuantanFlito/orgs","repos_url":"https://api.github.com/users/GuantanFlito/repos","events_url":"https://api.github.com/users/GuantanFlito/events{/privacy}","received_events_url":"https://api.github.com/users/GuantanFlito/received_events","type":"User","user_view_type":"private","site_admin":false,"name":null,"company":null,"blog":"","location":null,"email":null,"hireable":null,"bio":null,"twitter_username":null,"notification_email":null,"public_repos":2,"public_gists":0,"followers":0,"following":0,"created_at":"2024-12-01T13:59:00Z","updated_at":"2024-12-29T00:35:23Z","private_gists":0,"total_private_repos":0,"owned_private_repos":0,"disk_usage":3,"collaborators":0,"two_factor_authentication":false,"plan":{"name":"free","space":976562499,"collaborators":0,"private_repos":10000}}
[info] 
[info] +  Success! Logged into GitHub as GuantanFlito 
[info] 
